<?xml version="1.0" encoding="UTF-8"?>
<!-- Generated by org.testng.reporters.JUnitXMLReporter -->
<testsuite ignored="4" hostname="DESKTOP-EI1MF8H" failures="0" tests="10" name="Default test" time="182.13" errors="0" timestamp="2022-01-01T22:09:18 BDT">
  <testcase classname="superAdmin.Patients" name="@BeforeMethod openBrowser" time="180.155">
    <failure type="org.openqa.selenium.TimeoutException" message="java.util.concurrent.TimeoutException
Build info: version: &amp;apos;4.0.0&amp;apos;, revision: &amp;apos;3a21814679&amp;apos;
System info: host: &amp;apos;DESKTOP-EI1MF8H&amp;apos;, ip: &amp;apos;192.168.31.17&amp;apos;, os.name: &amp;apos;Windows 10&amp;apos;, os.arch: &amp;apos;amd64&amp;apos;, os.version: &amp;apos;10.0&amp;apos;, java.version: &amp;apos;17.0.1&amp;apos;
Driver info: org.openqa.selenium.remote.RemoteWebDriver
Command: [0564f44549acfab1bf750e1878630377, get {url=https://dev.zntral.net/session/login}]
Capabilities {acceptInsecureCerts: false, browserName: chrome, browserVersion: 96.0.4664.110, chrome: {chromedriverVersion: 96.0.4664.45 (76e4c1bb2ab46..., userDataDir: C:\Users\tahni\AppData\Loca...}, goog:chromeOptions: {debuggerAddress: localhost:56759}, javascriptEnabled: true, networkConnectionEnabled: false, pageLoadStrategy: normal, platform: WINDOWS, platformName: WINDOWS, proxy: Proxy(), setWindowRect: true, strictFileInteractability: false, timeouts: {implicit: 0, pageLoad: 300000, script: 30000}, unhandledPromptBehavior: dismiss and notify, webauthn:extension:credBlob: true, webauthn:extension:largeBlob: true, webauthn:virtualAuthenticators: true}
Session ID: 0564f44549acfab1bf750e1878630377">
      <![CDATA[org.openqa.selenium.TimeoutException: java.util.concurrent.TimeoutException
Build info: version: '4.0.0', revision: '3a21814679'
System info: host: 'DESKTOP-EI1MF8H', ip: '192.168.31.17', os.name: 'Windows 10', os.arch: 'amd64', os.version: '10.0', java.version: '17.0.1'
Driver info: org.openqa.selenium.remote.RemoteWebDriver
Command: [0564f44549acfab1bf750e1878630377, get {url=https://dev.zntral.net/session/login}]
Capabilities {acceptInsecureCerts: false, browserName: chrome, browserVersion: 96.0.4664.110, chrome: {chromedriverVersion: 96.0.4664.45 (76e4c1bb2ab46..., userDataDir: C:\Users\tahni\AppData\Loca...}, goog:chromeOptions: {debuggerAddress: localhost:56759}, javascriptEnabled: true, networkConnectionEnabled: false, pageLoadStrategy: normal, platform: WINDOWS, platformName: WINDOWS, proxy: Proxy(), setWindowRect: true, strictFileInteractability: false, timeouts: {implicit: 0, pageLoad: 300000, script: 30000}, unhandledPromptBehavior: dismiss and notify, webauthn:extension:credBlob: true, webauthn:extension:largeBlob: true, webauthn:virtualAuthenticators: true}
Session ID: 0564f44549acfab1bf750e1878630377
at org.openqa.selenium.remote.http.netty.NettyHttpHandler.makeCall(NettyHttpHandler.java:72)
at org.openqa.selenium.remote.http.AddSeleniumUserAgent.lambda$apply$0(AddSeleniumUserAgent.java:42)
at org.openqa.selenium.remote.http.Filter.lambda$andFinally$1(Filter.java:56)
at org.openqa.selenium.remote.http.netty.NettyHttpHandler.execute(NettyHttpHandler.java:51)
at org.openqa.selenium.remote.http.AddSeleniumUserAgent.lambda$apply$0(AddSeleniumUserAgent.java:42)
at org.openqa.selenium.remote.http.Filter.lambda$andFinally$1(Filter.java:56)
at org.openqa.selenium.remote.http.netty.NettyClient.execute(NettyClient.java:119)
at org.openqa.selenium.remote.tracing.TracedHttpClient.execute(TracedHttpClient.java:55)
at org.openqa.selenium.remote.HttpCommandExecutor.execute(HttpCommandExecutor.java:181)
at org.openqa.selenium.remote.TracedCommandExecutor.execute(TracedCommandExecutor.java:39)
at org.openqa.selenium.remote.RemoteWebDriver.execute(RemoteWebDriver.java:559)
at org.openqa.selenium.remote.RemoteWebDriver.get(RemoteWebDriver.java:328)
at superAdmin.Patients.openBrowser(Patients.java:94)
at java.base/jdk.internal.reflect.NativeMethodAccessorImpl.invoke0(Native Method)
at java.base/jdk.internal.reflect.NativeMethodAccessorImpl.invoke(NativeMethodAccessorImpl.java:77)
at java.base/jdk.internal.reflect.DelegatingMethodAccessorImpl.invoke(DelegatingMethodAccessorImpl.java:43)
at java.base/java.lang.reflect.Method.invoke(Method.java:568)
at org.testng.internal.MethodInvocationHelper.invokeMethod(MethodInvocationHelper.java:133)
at org.testng.internal.MethodInvocationHelper.invokeMethodConsideringTimeout(MethodInvocationHelper.java:62)
at org.testng.internal.ConfigInvoker.invokeConfigurationMethod(ConfigInvoker.java:385)
at org.testng.internal.ConfigInvoker.invokeConfigurations(ConfigInvoker.java:321)
at org.testng.internal.TestInvoker.runConfigMethods(TestInvoker.java:700)
at org.testng.internal.TestInvoker.invokeMethod(TestInvoker.java:527)
at org.testng.internal.TestInvoker.invokeTestMethod(TestInvoker.java:173)
at org.testng.internal.MethodRunner.runInSequence(MethodRunner.java:46)
at org.testng.internal.TestInvoker$MethodInvocationAgent.invoke(TestInvoker.java:824)
at org.testng.internal.TestInvoker.invokeTestMethods(TestInvoker.java:146)
at org.testng.internal.TestMethodWorker.invokeTestMethods(TestMethodWorker.java:146)
at org.testng.internal.TestMethodWorker.run(TestMethodWorker.java:128)
at java.base/java.util.ArrayList.forEach(ArrayList.java:1511)
at org.testng.TestRunner.privateRun(TestRunner.java:794)
at org.testng.TestRunner.run(TestRunner.java:596)
at org.testng.SuiteRunner.runTest(SuiteRunner.java:377)
at org.testng.SuiteRunner.runSequentially(SuiteRunner.java:371)
at org.testng.SuiteRunner.privateRun(SuiteRunner.java:332)
at org.testng.SuiteRunner.run(SuiteRunner.java:276)
at org.testng.SuiteRunnerWorker.runSuite(SuiteRunnerWorker.java:53)
at org.testng.SuiteRunnerWorker.run(SuiteRunnerWorker.java:96)
at org.testng.TestNG.runSuitesSequentially(TestNG.java:1212)
at org.testng.TestNG.runSuitesLocally(TestNG.java:1134)
at org.testng.TestNG.runSuites(TestNG.java:1063)
at org.testng.TestNG.run(TestNG.java:1031)
at org.testng.remote.AbstractRemoteTestNG.run(AbstractRemoteTestNG.java:115)
at org.testng.remote.RemoteTestNG.initAndRun(RemoteTestNG.java:251)
at org.testng.remote.RemoteTestNG.main(RemoteTestNG.java:77)
Caused by: java.util.concurrent.TimeoutException
at java.base/java.util.concurrent.CompletableFuture.timedGet(CompletableFuture.java:1960)
at java.base/java.util.concurrent.CompletableFuture.get(CompletableFuture.java:2095)
at org.asynchttpclient.netty.NettyResponseFuture.get(NettyResponseFuture.java:206)
at org.openqa.selenium.remote.http.netty.NettyHttpHandler.makeCall(NettyHttpHandler.java:66)
... 44 more
]]>
    </failure>
  </testcase> <!-- @BeforeMethod openBrowser -->
  <testcase classname="superAdmin.Patients" name="@AfterTest tearDown" time="-1.641053358372E9">
    <skipped/>
  </testcase> <!-- @AfterTest tearDown -->
  <testcase classname="superAdmin.Patients" name="verify_super_User_set_access" time="0.0">
    <skipped/>
  </testcase> <!-- verify_super_User_set_access -->
  <testcase classname="superAdmin.Patients" name="verify_changes_after_refresh_logout" time="0.0">
    <skipped/>
  </testcase> <!-- verify_changes_after_refresh_logout -->
  <testcase classname="superAdmin.Patients" name="verify_User_Group_details_in_types_table" time="0.0">
    <skipped/>
  </testcase> <!-- verify_User_Group_details_in_types_table -->
  <testcase classname="superAdmin.Patients" name="verify_edit_delete_enable_normal_user" time="0.0">
    <skipped/>
  </testcase> <!-- verify_edit_delete_enable_normal_user -->
  <testcase classname="superAdmin.Patients" name="verify_user_edit_data_Patient_page" time="0.0">
    <skipped/>
  </testcase> <!-- verify_user_edit_data_Patient_page -->
  <testcase classname="superAdmin.Patients" name="verify_edit_logs_Patient_page" time="0.0">
    <skipped/>
  </testcase> <!-- verify_edit_logs_Patient_page -->
  <testcase classname="superAdmin.Patients" name="verify_edit_changes_after_refresh_logout" time="0.0">
    <skipped/>
  </testcase> <!-- verify_edit_changes_after_refresh_logout -->
  <testcase classname="superAdmin.Patients" name="verify_edit_access_after_revoked" time="0.0">
    <skipped/>
  </testcase> <!-- verify_edit_access_after_revoked -->
  <testcase classname="superAdmin.Patients" name="verify_user_delete_data_Patient_page" time="0.0">
    <skipped/>
  </testcase> <!-- verify_user_delete_data_Patient_page -->
  <testcase classname="superAdmin.Patients" name="verify_delete_logs_Patient_page" time="0.0">
    <skipped/>
  </testcase> <!-- verify_delete_logs_Patient_page -->
  <testcase classname="superAdmin.Patients" name="login" time="0.0">
    <ignored/>
  </testcase> <!-- login -->
  <testcase classname="superAdmin.Patients" name="verify_delete_changes_after_refresh_logout" time="0.0">
    <ignored/>
  </testcase> <!-- verify_delete_changes_after_refresh_logout -->
  <testcase classname="superAdmin.Patients" name="verify_delete_access_after_revoked" time="0.0">
    <ignored/>
  </testcase> <!-- verify_delete_access_after_revoked -->
  <testcase classname="superAdmin.Patients" name="verifyElemntsOnPageTest" time="0.0">
    <ignored/>
  </testcase> <!-- verifyElemntsOnPageTest -->
</testsuite> <!-- Default test -->
