<?xml version="1.0" encoding="UTF-8"?>
<!-- Generated by org.testng.reporters.JUnitReportReporter -->
<testsuite hostname="DESKTOP-EI1MF8H" failures="1" tests="13" name="TestGrid" time="558.800" errors="0" timestamp="2021-11-11T01:18:07 BDT" skipped="0">
  <testcase classname="TestGrid" name="numorspecialCharForFirstNameTest" time="56.753"/>
  <system-out/>
  <testcase classname="TestGrid" name="emptyEmailTest" time="39.649">
    <failure message="expected [E-mail must match] but found [E-mail is required]" type="java.lang.AssertionError">
      <![CDATA[java.lang.AssertionError: expected [E-mail must match] but found [E-mail is required]
at org.testng.Assert.fail(Assert.java:99)
at org.testng.Assert.failNotEquals(Assert.java:1037)
at org.testng.Assert.assertEqualsImpl(Assert.java:140)
at org.testng.Assert.assertEquals(Assert.java:122)
at org.testng.Assert.assertEquals(Assert.java:629)
at org.testng.Assert.assertEquals(Assert.java:639)
at TestGrid.emptyEmailTest(TestGrid.java:444)
at java.base/jdk.internal.reflect.NativeMethodAccessorImpl.invoke0(Native Method)
at java.base/jdk.internal.reflect.NativeMethodAccessorImpl.invoke(NativeMethodAccessorImpl.java:77)
at java.base/jdk.internal.reflect.DelegatingMethodAccessorImpl.invoke(DelegatingMethodAccessorImpl.java:43)
at java.base/java.lang.reflect.Method.invoke(Method.java:568)
at org.testng.internal.MethodInvocationHelper.invokeMethod(MethodInvocationHelper.java:133)
at org.testng.internal.TestInvoker.invokeMethod(TestInvoker.java:598)
at org.testng.internal.TestInvoker.invokeTestMethod(TestInvoker.java:173)
at org.testng.internal.MethodRunner.runInSequence(MethodRunner.java:46)
at org.testng.internal.TestInvoker$MethodInvocationAgent.invoke(TestInvoker.java:824)
at org.testng.internal.TestInvoker.invokeTestMethods(TestInvoker.java:146)
at org.testng.internal.TestMethodWorker.invokeTestMethods(TestMethodWorker.java:146)
at org.testng.internal.TestMethodWorker.run(TestMethodWorker.java:128)
at java.base/java.util.ArrayList.forEach(ArrayList.java:1511)
at org.testng.TestRunner.privateRun(TestRunner.java:794)
at org.testng.TestRunner.run(TestRunner.java:596)
at org.testng.SuiteRunner.runTest(SuiteRunner.java:377)
at org.testng.SuiteRunner.runSequentially(SuiteRunner.java:371)
at org.testng.SuiteRunner.privateRun(SuiteRunner.java:332)
at org.testng.SuiteRunner.run(SuiteRunner.java:276)
at org.testng.SuiteRunnerWorker.runSuite(SuiteRunnerWorker.java:53)
at org.testng.SuiteRunnerWorker.run(SuiteRunnerWorker.java:96)
at org.testng.TestNG.runSuitesSequentially(TestNG.java:1212)
at org.testng.TestNG.runSuitesLocally(TestNG.java:1134)
at org.testng.TestNG.runSuites(TestNG.java:1063)
at org.testng.TestNG.run(TestNG.java:1031)
at org.testng.remote.AbstractRemoteTestNG.run(AbstractRemoteTestNG.java:115)
at org.testng.remote.RemoteTestNG.initAndRun(RemoteTestNG.java:251)
at org.testng.remote.RemoteTestNG.main(RemoteTestNG.java:77)
]]>
    </failure>
  </testcase> <!-- emptyEmailTest -->
  <system-out/>
  <testcase classname="TestGrid" name="emptyEmailFieldTest" time="39.622"/>
  <system-out/>
  <testcase classname="TestGrid" name="moreCharForFirstNameTest" time="49.941"/>
  <system-out/>
  <testcase classname="TestGrid" name="invalidEmailTest" time="42.910"/>
  <system-out/>
  <testcase classname="TestGrid" name="moreCharForLastNameTest" time="49.963"/>
  <system-out/>
  <testcase classname="TestGrid" name="emptyLastNameTest" time="49.736"/>
  <system-out/>
  <testcase classname="TestGrid" name="validRegistrationTest" time="49.760"/>
  <system-out/>
  <testcase classname="TestGrid" name="emptyCheckBoxTest" time="36.571"/>
  <system-out/>
  <testcase classname="TestGrid" name="verifyElemntsOnPageTest" time="3.680"/>
  <system-out/>
  <testcase classname="TestGrid" name="emailValidation" time="39.732"/>
  <system-out/>
  <testcase classname="TestGrid" name="numorspecialCharForLastNameTest" time="49.776"/>
  <system-out/>
  <testcase classname="TestGrid" name="emptyFirstNameTest" time="50.707"/>
  <system-out/>
</testsuite> <!-- TestGrid -->
